
======================================================================
           MODEL EĞİTİMİ BAŞLATILDI (2025-11-23 21:32:44)
            
======================================================================
                        EĞITIM KONFIGÜRASYONU                         
======================================================================
Learning Rate: 0.01
Epoch Sayısı: 500
Early Stopping: Aktif
  - Patience: 5
  - Min Delta: 0.001
======================================================================

Loading data splits with prefix: ../data/normalized
Data splits loaded with prefix: ../data/normalized
======================================================================
Starting training for 500 epochs with learning rate 0.01
======================================================================
Epoch   1/500 - Train Loss: 0.6914 - Val Loss: 0.6838 * - No Improve: 0
Epoch  10/500 - Train Loss: 0.6470 - Val Loss: 0.6353 * - No Improve: 0
Epoch  20/500 - Train Loss: 0.6140 - Val Loss: 0.6014 * - No Improve: 0
Epoch  30/500 - Train Loss: 0.5852 - Val Loss: 0.5728 * - No Improve: 0
Epoch  40/500 - Train Loss: 0.5598 - Val Loss: 0.5477 * - No Improve: 0
Epoch  50/500 - Train Loss: 0.5374 - Val Loss: 0.5256 * - No Improve: 0
Epoch  60/500 - Train Loss: 0.5175 - Val Loss: 0.5060 * - No Improve: 0
Epoch  70/500 - Train Loss: 0.4997 - Val Loss: 0.4886 * - No Improve: 0
Epoch  80/500 - Train Loss: 0.4838 - Val Loss: 0.4729 * - No Improve: 0
Epoch  90/500 - Train Loss: 0.4694 - Val Loss: 0.4588 * - No Improve: 0
Epoch 100/500 - Train Loss: 0.4563 - Val Loss: 0.4460 * - No Improve: 0
Epoch 110/500 - Train Loss: 0.4445 - Val Loss: 0.4344 * - No Improve: 0
Epoch 120/500 - Train Loss: 0.4337 - Val Loss: 0.4238 * - No Improve: 0
Epoch 130/500 - Train Loss: 0.4238 - Val Loss: 0.4141 * - No Improve: 0
Epoch 140/500 - Train Loss: 0.4147 - Val Loss: 0.4051 * - No Improve: 0
Epoch 150/500 - Train Loss: 0.4063 - Val Loss: 0.3968 * - No Improve: 0
Epoch 160/500 - Train Loss: 0.3985 - Val Loss: 0.3892 * - No Improve: 0
Epoch 170/500 - Train Loss: 0.3913 - Val Loss: 0.3821 * - No Improve: 0
Epoch 180/500 - Train Loss: 0.3846 - Val Loss: 0.3755 * - No Improve: 0
Epoch 190/500 - Train Loss: 0.3784 - Val Loss: 0.3693 * - No Improve: 0
Epoch 200/500 - Train Loss: 0.3725 - Val Loss: 0.3635 * - No Improve: 0
Epoch 210/500 - Train Loss: 0.3671 - Val Loss: 0.3581 * - No Improve: 0
Epoch 220/500 - Train Loss: 0.3619 - Val Loss: 0.3530 - No Improve: 2
Epoch 230/500 - Train Loss: 0.3571 - Val Loss: 0.3482 * - No Improve: 0
Epoch 240/500 - Train Loss: 0.3526 - Val Loss: 0.3437 - No Improve: 1
Epoch 250/500 - Train Loss: 0.3483 - Val Loss: 0.3394 - No Improve: 2
Epoch 260/500 - Train Loss: 0.3443 - Val Loss: 0.3353 * - No Improve: 0
Epoch 270/500 - Train Loss: 0.3405 - Val Loss: 0.3315 - No Improve: 1
Epoch 280/500 - Train Loss: 0.3369 - Val Loss: 0.3278 - No Improve: 2
Epoch 290/500 - Train Loss: 0.3334 - Val Loss: 0.3244 * - No Improve: 0
Epoch 300/500 - Train Loss: 0.3302 - Val Loss: 0.3211 - No Improve: 3
Epoch 310/500 - Train Loss: 0.3271 - Val Loss: 0.3179 - No Improve: 1
Epoch 320/500 - Train Loss: 0.3241 - Val Loss: 0.3149 - No Improve: 3
Epoch 330/500 - Train Loss: 0.3213 - Val Loss: 0.3120 - No Improve: 1
Epoch 340/500 - Train Loss: 0.3186 - Val Loss: 0.3093 - No Improve: 3
Epoch 350/500 - Train Loss: 0.3161 - Val Loss: 0.3067 - No Improve: 1
Epoch 360/500 - Train Loss: 0.3136 - Val Loss: 0.3041 - No Improve: 3
Epoch 370/500 - Train Loss: 0.3113 - Val Loss: 0.3017 - No Improve: 3
Epoch 380/500 - Train Loss: 0.3090 - Val Loss: 0.2994 - No Improve: 3
Epoch 390/500 - Train Loss: 0.3069 - Val Loss: 0.2971 - No Improve: 3
Epoch 400/500 - Train Loss: 0.3048 - Val Loss: 0.2950 - No Improve: 3
Epoch 410/500 - Train Loss: 0.3029 - Val Loss: 0.2929 - No Improve: 3
Epoch 420/500 - Train Loss: 0.3010 - Val Loss: 0.2909 - No Improve: 3

======================================================================
Early stopping triggered at epoch 422
Best validation loss: 0.2915
Restoring best weights from epoch 417
======================================================================

Karar sınırı grafikleri oluşturuluyor...
Karar sınırı grafiği kaydedildi: ../results/graphs/train_decision_boundary.png
Karar sınırı grafiği kaydedildi: ../results/graphs/val_decision_boundary.png

======================================================================
Training completed and model saved.
Training stopped early at epoch 422/500
======================================================================

======================================================================
        MODEL DEĞERLENDİRME BAŞLATILDI (2025-11-23 21:32:51)
         
======================================================================
                         EĞİTİM PARAMETRELERİ                         
======================================================================
  Öğrenme Oranı (Learning Rate): 0.01
  Maksimum Epoch: 500
  Gerçekleşen Epoch: 422
  Early Stopping: Aktif
    - Patience: 5
    - Min Delta: 0.001
    - Durum: Tetiklendi (epoch 422'de durduruldu)
  Eğitim Zamanı: 2025-11-23 21:32:44
======================================================================


Karar sınırı grafiği oluşturuluyor...
Karar sınırı grafiği kaydedildi: ../results/graphs/test_decision_boundary.png
======================================================================
                  TEST SETİ DEĞERLENDİRME SONUÇLARI                   
======================================================================
  Kayıp (Loss): 0.2761
  Doğruluk (Accuracy): 0.8500
  Kesinlik (Precision): 1.0000
  Duyarlılık (Recall): 0.8235
  F1 Skoru: 0.9032
======================================================================

======================================================================
                           CONFUSION MATRIX                           
======================================================================

                     |   Actual Positive    |   Actual Negative   
                     |      (Class 1)       |      (Class 0)      
----------------------------------------------------------------------
  Predicted Positive |          14          |          0          
           (Class 1) |   (True Positive)    |   (False Positive)  
----------------------------------------------------------------------
  Predicted Negative |          3           |          3          
           (Class 0) |   (False Negative)   |   (True Negative)   
----------------------------------------------------------------------

                            ÖZET BİLGİLER:                            
----------------------------------------------------------------------
  Toplam Örnek                : 20
  Gerçek Pozitif (Actual 1)   : 17
  Gerçek Negatif (Actual 0)   : 3
  Tahmin Pozitif (Predicted 1): 14
  Tahmin Negatif (Predicted 0): 6
======================================================================
